<?xml version="1.0" encoding="UTF-8"?>
<!-- Generated by org.testng.reporters.JUnitXMLReporter -->
<testsuite hostname="ASDP1534PO01976" name="Default test" tests="3" failures="0" timestamp="19 Jul 2018 08:54:57 GMT" time="14.458" errors="0">
  <testcase name="IsHrisLoginSuccessfull" time="6.576" classname="com.qait.demo.tests.HrisTestFile"/>
  <testcase name="IsTimeSheetPageDisplayed" time="1.686" classname="com.qait.demo.tests.HrisTestFile"/>
  <testcase name="checkPersonalDetailsonHris" time="0.053" classname="com.qait.demo.tests.HrisTestFile"/>
</testsuite> <!-- Default test -->
